9916:C 09 Mar 23:28:15.241 # Warning: no config file specified, using the default config. In order to specify a config file use redis-server /path/to/redis.conf
9916:M 09 Mar 23:28:15.244 # You requested maxclients of 10000 requiring at least 10032 max file descriptors.
9916:M 09 Mar 23:28:15.244 # Server can't set maximum open files to 10032 because of OS error: Operation not permitted.
9916:M 09 Mar 23:28:15.244 # Current maximum open files is 4096. maxclients has been reduced to 4064 to compensate for low ulimit. If you need higher maxclients increase 'ulimit -n'.
                _._                                                  
           _.-``__ ''-._                                             
      _.-``    `.  `_.  ''-._           Redis 3.2.12 (00000000/0) 64 bit
  .-`` .-```.  ```\/    _.,_ ''-._                                   
 (    '      ,       .-`  | `,    )     Running in standalone mode
 |`-._`-...-` __...-.``-._|'` _.-'|     Port: 6379
 |    `-._   `._    /     _.-'    |     PID: 9916
  `-._    `-._  `-./  _.-'    _.-'                                   
 |`-._`-._    `-.__.-'    _.-'_.-'|                                  
 |    `-._`-._        _.-'_.-'    |           http://redis.io        
  `-._    `-._`-.__.-'_.-'    _.-'                                   
 |`-._`-._    `-.__.-'    _.-'_.-'|                                  
 |    `-._`-._        _.-'_.-'    |                                  
  `-._    `-._`-.__.-'_.-'    _.-'                                   
      `-._    `-.__.-'    _.-'                                       
          `-._        _.-'                                           
              `-.__.-'                                               

9916:M 09 Mar 23:28:15.245 # WARNING: The TCP backlog setting of 511 cannot be enforced because /proc/sys/net/core/somaxconn is set to the lower value of 128.
9916:M 09 Mar 23:28:15.245 # Server started, Redis version 3.2.12
9916:M 09 Mar 23:28:15.245 # WARNING overcommit_memory is set to 0! Background save may fail under low memory condition. To fix this issue add 'vm.overcommit_memory = 1' to /etc/sysctl.conf and then reboot or run the command 'sysctl vm.overcommit_memory=1' for this to take effect.
9916:M 09 Mar 23:28:15.247 * DB loaded from disk: 0.002 seconds
9916:M 09 Mar 23:28:15.247 * The server is now ready to accept connections on port 6379
